CRITICAL - 2022-10-12 08:34:57 --> Undefined global variable $_SESSION
in APPPATH\Views\Pages\menuPrincipal.php on line 1.
 1 APPPATH\Views\Pages\menuPrincipal.php(1): CodeIgniter\Debug\Exceptions->errorHandler(2, 'Undefined global variable $_SESSION', 'APPPATH\\Views\\Pages\\menuPrincipal.php', 1)
 2 SYSTEMPATH\View\View.php(213): include('APPPATH\\Views\\Pages\\menuPrincipal.php')
 3 SYSTEMPATH\View\View.php(216): CodeIgniter\View\View->CodeIgniter\View\{closure}()
 4 SYSTEMPATH\Common.php(1142): CodeIgniter\View\View->render('Pages/menuPrincipal', [], true)
 5 APPPATH\Controllers\MenuPrincipalController.php(11): view('Pages/menuPrincipal', [...])
 6 SYSTEMPATH\CodeIgniter.php(907): App\Controllers\MenuPrincipalController->menu()
 7 SYSTEMPATH\CodeIgniter.php(457): CodeIgniter\CodeIgniter->runController(Object(App\Controllers\MenuPrincipalController))
 8 SYSTEMPATH\CodeIgniter.php(340): CodeIgniter\CodeIgniter->handleRequest(null, Object(Config\Cache), false)
 9 FCPATH\index.php(67): CodeIgniter\CodeIgniter->run()
CRITICAL - 2022-10-12 08:35:23 --> Undefined global variable $_SESSION
in APPPATH\Views\Pages\menuPrincipal.php on line 1.
 1 APPPATH\Views\Pages\menuPrincipal.php(1): CodeIgniter\Debug\Exceptions->errorHandler(2, 'Undefined global variable $_SESSION', 'APPPATH\\Views\\Pages\\menuPrincipal.php', 1)
 2 SYSTEMPATH\View\View.php(213): include('APPPATH\\Views\\Pages\\menuPrincipal.php')
 3 SYSTEMPATH\View\View.php(216): CodeIgniter\View\View->CodeIgniter\View\{closure}()
 4 SYSTEMPATH\Common.php(1142): CodeIgniter\View\View->render('Pages/menuPrincipal', [], true)
 5 APPPATH\Controllers\MenuPrincipalController.php(11): view('Pages/menuPrincipal', [...])
 6 SYSTEMPATH\CodeIgniter.php(907): App\Controllers\MenuPrincipalController->menu()
 7 SYSTEMPATH\CodeIgniter.php(457): CodeIgniter\CodeIgniter->runController(Object(App\Controllers\MenuPrincipalController))
 8 SYSTEMPATH\CodeIgniter.php(340): CodeIgniter\CodeIgniter->handleRequest(null, Object(Config\Cache), false)
 9 FCPATH\index.php(67): CodeIgniter\CodeIgniter->run()
CRITICAL - 2022-10-12 08:38:55 --> Undefined global variable $_SESSION
in APPPATH\Views\Pages\menuPrincipal.php on line 1.
 1 APPPATH\Views\Pages\menuPrincipal.php(1): CodeIgniter\Debug\Exceptions->errorHandler(2, 'Undefined global variable $_SESSION', 'APPPATH\\Views\\Pages\\menuPrincipal.php', 1)
 2 SYSTEMPATH\View\View.php(213): include('APPPATH\\Views\\Pages\\menuPrincipal.php')
 3 SYSTEMPATH\View\View.php(216): CodeIgniter\View\View->CodeIgniter\View\{closure}()
 4 SYSTEMPATH\Common.php(1142): CodeIgniter\View\View->render('Pages/menuPrincipal', [], true)
 5 APPPATH\Controllers\MenuPrincipalController.php(11): view('Pages/menuPrincipal', [...])
 6 SYSTEMPATH\CodeIgniter.php(907): App\Controllers\MenuPrincipalController->menu()
 7 SYSTEMPATH\CodeIgniter.php(457): CodeIgniter\CodeIgniter->runController(Object(App\Controllers\MenuPrincipalController))
 8 SYSTEMPATH\CodeIgniter.php(340): CodeIgniter\CodeIgniter->handleRequest(null, Object(Config\Cache), false)
 9 FCPATH\index.php(67): CodeIgniter\CodeIgniter->run()
CRITICAL - 2022-10-12 08:38:55 --> Undefined global variable $_SESSION
in APPPATH\Views\Pages\menuPrincipal.php on line 1.
 1 APPPATH\Views\Pages\menuPrincipal.php(1): CodeIgniter\Debug\Exceptions->errorHandler(2, 'Undefined global variable $_SESSION', 'APPPATH\\Views\\Pages\\menuPrincipal.php', 1)
 2 SYSTEMPATH\View\View.php(213): include('APPPATH\\Views\\Pages\\menuPrincipal.php')
 3 SYSTEMPATH\View\View.php(216): CodeIgniter\View\View->CodeIgniter\View\{closure}()
 4 SYSTEMPATH\Common.php(1142): CodeIgniter\View\View->render('Pages/menuPrincipal', [], true)
 5 APPPATH\Controllers\MenuPrincipalController.php(11): view('Pages/menuPrincipal', [...])
 6 SYSTEMPATH\CodeIgniter.php(907): App\Controllers\MenuPrincipalController->menu()
 7 SYSTEMPATH\CodeIgniter.php(457): CodeIgniter\CodeIgniter->runController(Object(App\Controllers\MenuPrincipalController))
 8 SYSTEMPATH\CodeIgniter.php(340): CodeIgniter\CodeIgniter->handleRequest(null, Object(Config\Cache), false)
 9 FCPATH\index.php(67): CodeIgniter\CodeIgniter->run()
CRITICAL - 2022-10-12 08:38:56 --> Undefined global variable $_SESSION
in APPPATH\Views\Pages\menuPrincipal.php on line 1.
 1 APPPATH\Views\Pages\menuPrincipal.php(1): CodeIgniter\Debug\Exceptions->errorHandler(2, 'Undefined global variable $_SESSION', 'APPPATH\\Views\\Pages\\menuPrincipal.php', 1)
 2 SYSTEMPATH\View\View.php(213): include('APPPATH\\Views\\Pages\\menuPrincipal.php')
 3 SYSTEMPATH\View\View.php(216): CodeIgniter\View\View->CodeIgniter\View\{closure}()
 4 SYSTEMPATH\Common.php(1142): CodeIgniter\View\View->render('Pages/menuPrincipal', [], true)
 5 APPPATH\Controllers\MenuPrincipalController.php(11): view('Pages/menuPrincipal', [...])
 6 SYSTEMPATH\CodeIgniter.php(907): App\Controllers\MenuPrincipalController->menu()
 7 SYSTEMPATH\CodeIgniter.php(457): CodeIgniter\CodeIgniter->runController(Object(App\Controllers\MenuPrincipalController))
 8 SYSTEMPATH\CodeIgniter.php(340): CodeIgniter\CodeIgniter->handleRequest(null, Object(Config\Cache), false)
 9 FCPATH\index.php(67): CodeIgniter\CodeIgniter->run()
CRITICAL - 2022-10-12 08:38:56 --> Undefined global variable $_SESSION
in APPPATH\Views\Pages\menuPrincipal.php on line 1.
 1 APPPATH\Views\Pages\menuPrincipal.php(1): CodeIgniter\Debug\Exceptions->errorHandler(2, 'Undefined global variable $_SESSION', 'APPPATH\\Views\\Pages\\menuPrincipal.php', 1)
 2 SYSTEMPATH\View\View.php(213): include('APPPATH\\Views\\Pages\\menuPrincipal.php')
 3 SYSTEMPATH\View\View.php(216): CodeIgniter\View\View->CodeIgniter\View\{closure}()
 4 SYSTEMPATH\Common.php(1142): CodeIgniter\View\View->render('Pages/menuPrincipal', [], true)
 5 APPPATH\Controllers\MenuPrincipalController.php(11): view('Pages/menuPrincipal', [...])
 6 SYSTEMPATH\CodeIgniter.php(907): App\Controllers\MenuPrincipalController->menu()
 7 SYSTEMPATH\CodeIgniter.php(457): CodeIgniter\CodeIgniter->runController(Object(App\Controllers\MenuPrincipalController))
 8 SYSTEMPATH\CodeIgniter.php(340): CodeIgniter\CodeIgniter->handleRequest(null, Object(Config\Cache), false)
 9 FCPATH\index.php(67): CodeIgniter\CodeIgniter->run()
CRITICAL - 2022-10-12 08:38:56 --> Undefined global variable $_SESSION
in APPPATH\Views\Pages\menuPrincipal.php on line 1.
 1 APPPATH\Views\Pages\menuPrincipal.php(1): CodeIgniter\Debug\Exceptions->errorHandler(2, 'Undefined global variable $_SESSION', 'APPPATH\\Views\\Pages\\menuPrincipal.php', 1)
 2 SYSTEMPATH\View\View.php(213): include('APPPATH\\Views\\Pages\\menuPrincipal.php')
 3 SYSTEMPATH\View\View.php(216): CodeIgniter\View\View->CodeIgniter\View\{closure}()
 4 SYSTEMPATH\Common.php(1142): CodeIgniter\View\View->render('Pages/menuPrincipal', [], true)
 5 APPPATH\Controllers\MenuPrincipalController.php(11): view('Pages/menuPrincipal', [...])
 6 SYSTEMPATH\CodeIgniter.php(907): App\Controllers\MenuPrincipalController->menu()
 7 SYSTEMPATH\CodeIgniter.php(457): CodeIgniter\CodeIgniter->runController(Object(App\Controllers\MenuPrincipalController))
 8 SYSTEMPATH\CodeIgniter.php(340): CodeIgniter\CodeIgniter->handleRequest(null, Object(Config\Cache), false)
 9 FCPATH\index.php(67): CodeIgniter\CodeIgniter->run()
CRITICAL - 2022-10-12 08:38:56 --> Undefined global variable $_SESSION
in APPPATH\Views\Pages\menuPrincipal.php on line 1.
 1 APPPATH\Views\Pages\menuPrincipal.php(1): CodeIgniter\Debug\Exceptions->errorHandler(2, 'Undefined global variable $_SESSION', 'APPPATH\\Views\\Pages\\menuPrincipal.php', 1)
 2 SYSTEMPATH\View\View.php(213): include('APPPATH\\Views\\Pages\\menuPrincipal.php')
 3 SYSTEMPATH\View\View.php(216): CodeIgniter\View\View->CodeIgniter\View\{closure}()
 4 SYSTEMPATH\Common.php(1142): CodeIgniter\View\View->render('Pages/menuPrincipal', [], true)
 5 APPPATH\Controllers\MenuPrincipalController.php(11): view('Pages/menuPrincipal', [...])
 6 SYSTEMPATH\CodeIgniter.php(907): App\Controllers\MenuPrincipalController->menu()
 7 SYSTEMPATH\CodeIgniter.php(457): CodeIgniter\CodeIgniter->runController(Object(App\Controllers\MenuPrincipalController))
 8 SYSTEMPATH\CodeIgniter.php(340): CodeIgniter\CodeIgniter->handleRequest(null, Object(Config\Cache), false)
 9 FCPATH\index.php(67): CodeIgniter\CodeIgniter->run()
CRITICAL - 2022-10-12 08:39:24 --> Undefined global variable $_SESSION
in APPPATH\Views\Pages\menuPrincipal.php on line 1.
 1 APPPATH\Views\Pages\menuPrincipal.php(1): CodeIgniter\Debug\Exceptions->errorHandler(2, 'Undefined global variable $_SESSION', 'APPPATH\\Views\\Pages\\menuPrincipal.php', 1)
 2 SYSTEMPATH\View\View.php(213): include('APPPATH\\Views\\Pages\\menuPrincipal.php')
 3 SYSTEMPATH\View\View.php(216): CodeIgniter\View\View->CodeIgniter\View\{closure}()
 4 SYSTEMPATH\Common.php(1142): CodeIgniter\View\View->render('Pages/menuPrincipal', [], true)
 5 APPPATH\Controllers\MenuPrincipalController.php(11): view('Pages/menuPrincipal', [...])
 6 SYSTEMPATH\CodeIgniter.php(907): App\Controllers\MenuPrincipalController->menu()
 7 SYSTEMPATH\CodeIgniter.php(457): CodeIgniter\CodeIgniter->runController(Object(App\Controllers\MenuPrincipalController))
 8 SYSTEMPATH\CodeIgniter.php(340): CodeIgniter\CodeIgniter->handleRequest(null, Object(Config\Cache), false)
 9 FCPATH\index.php(67): CodeIgniter\CodeIgniter->run()
CRITICAL - 2022-10-12 08:39:25 --> Undefined global variable $_SESSION
in APPPATH\Views\Pages\menuPrincipal.php on line 1.
 1 APPPATH\Views\Pages\menuPrincipal.php(1): CodeIgniter\Debug\Exceptions->errorHandler(2, 'Undefined global variable $_SESSION', 'APPPATH\\Views\\Pages\\menuPrincipal.php', 1)
 2 SYSTEMPATH\View\View.php(213): include('APPPATH\\Views\\Pages\\menuPrincipal.php')
 3 SYSTEMPATH\View\View.php(216): CodeIgniter\View\View->CodeIgniter\View\{closure}()
 4 SYSTEMPATH\Common.php(1142): CodeIgniter\View\View->render('Pages/menuPrincipal', [], true)
 5 APPPATH\Controllers\MenuPrincipalController.php(11): view('Pages/menuPrincipal', [...])
 6 SYSTEMPATH\CodeIgniter.php(907): App\Controllers\MenuPrincipalController->menu()
 7 SYSTEMPATH\CodeIgniter.php(457): CodeIgniter\CodeIgniter->runController(Object(App\Controllers\MenuPrincipalController))
 8 SYSTEMPATH\CodeIgniter.php(340): CodeIgniter\CodeIgniter->handleRequest(null, Object(Config\Cache), false)
 9 FCPATH\index.php(67): CodeIgniter\CodeIgniter->run()
CRITICAL - 2022-10-12 08:44:11 --> Undefined global variable $_SESSION
in APPPATH\Views\Pages\menuPrincipal.php on line 1.
 1 APPPATH\Views\Pages\menuPrincipal.php(1): CodeIgniter\Debug\Exceptions->errorHandler(2, 'Undefined global variable $_SESSION', 'APPPATH\\Views\\Pages\\menuPrincipal.php', 1)
 2 SYSTEMPATH\View\View.php(213): include('APPPATH\\Views\\Pages\\menuPrincipal.php')
 3 SYSTEMPATH\View\View.php(216): CodeIgniter\View\View->CodeIgniter\View\{closure}()
 4 SYSTEMPATH\Common.php(1142): CodeIgniter\View\View->render('Pages/menuPrincipal', [], true)
 5 APPPATH\Controllers\MenuPrincipalController.php(11): view('Pages/menuPrincipal', [...])
 6 SYSTEMPATH\CodeIgniter.php(907): App\Controllers\MenuPrincipalController->menu()
 7 SYSTEMPATH\CodeIgniter.php(457): CodeIgniter\CodeIgniter->runController(Object(App\Controllers\MenuPrincipalController))
 8 SYSTEMPATH\CodeIgniter.php(340): CodeIgniter\CodeIgniter->handleRequest(null, Object(Config\Cache), false)
 9 FCPATH\index.php(67): CodeIgniter\CodeIgniter->run()
CRITICAL - 2022-10-12 08:44:57 --> Undefined global variable $_SESSION
in APPPATH\Views\Pages\menuPrincipal.php on line 1.
 1 APPPATH\Views\Pages\menuPrincipal.php(1): CodeIgniter\Debug\Exceptions->errorHandler(2, 'Undefined global variable $_SESSION', 'APPPATH\\Views\\Pages\\menuPrincipal.php', 1)
 2 SYSTEMPATH\View\View.php(213): include('APPPATH\\Views\\Pages\\menuPrincipal.php')
 3 SYSTEMPATH\View\View.php(216): CodeIgniter\View\View->CodeIgniter\View\{closure}()
 4 SYSTEMPATH\Common.php(1142): CodeIgniter\View\View->render('Pages/menuPrincipal', [], true)
 5 APPPATH\Controllers\MenuPrincipalController.php(11): view('Pages/menuPrincipal', [...])
 6 SYSTEMPATH\CodeIgniter.php(907): App\Controllers\MenuPrincipalController->menu()
 7 SYSTEMPATH\CodeIgniter.php(457): CodeIgniter\CodeIgniter->runController(Object(App\Controllers\MenuPrincipalController))
 8 SYSTEMPATH\CodeIgniter.php(340): CodeIgniter\CodeIgniter->handleRequest(null, Object(Config\Cache), false)
 9 FCPATH\index.php(67): CodeIgniter\CodeIgniter->run()
CRITICAL - 2022-10-12 08:44:58 --> Undefined global variable $_SESSION
in APPPATH\Views\Pages\menuPrincipal.php on line 1.
 1 APPPATH\Views\Pages\menuPrincipal.php(1): CodeIgniter\Debug\Exceptions->errorHandler(2, 'Undefined global variable $_SESSION', 'APPPATH\\Views\\Pages\\menuPrincipal.php', 1)
 2 SYSTEMPATH\View\View.php(213): include('APPPATH\\Views\\Pages\\menuPrincipal.php')
 3 SYSTEMPATH\View\View.php(216): CodeIgniter\View\View->CodeIgniter\View\{closure}()
 4 SYSTEMPATH\Common.php(1142): CodeIgniter\View\View->render('Pages/menuPrincipal', [], true)
 5 APPPATH\Controllers\MenuPrincipalController.php(11): view('Pages/menuPrincipal', [...])
 6 SYSTEMPATH\CodeIgniter.php(907): App\Controllers\MenuPrincipalController->menu()
 7 SYSTEMPATH\CodeIgniter.php(457): CodeIgniter\CodeIgniter->runController(Object(App\Controllers\MenuPrincipalController))
 8 SYSTEMPATH\CodeIgniter.php(340): CodeIgniter\CodeIgniter->handleRequest(null, Object(Config\Cache), false)
 9 FCPATH\index.php(67): CodeIgniter\CodeIgniter->run()
CRITICAL - 2022-10-12 08:45:18 --> Undefined variable $session
in APPPATH\Views\Pages\menuPrincipal.php on line 1.
 1 APPPATH\Views\Pages\menuPrincipal.php(1): CodeIgniter\Debug\Exceptions->errorHandler(2, 'Undefined variable $session', 'APPPATH\\Views\\Pages\\menuPrincipal.php', 1)
 2 SYSTEMPATH\View\View.php(213): include('APPPATH\\Views\\Pages\\menuPrincipal.php')
 3 SYSTEMPATH\View\View.php(216): CodeIgniter\View\View->CodeIgniter\View\{closure}()
 4 SYSTEMPATH\Common.php(1142): CodeIgniter\View\View->render('Pages/menuPrincipal', [], true)
 5 APPPATH\Controllers\MenuPrincipalController.php(11): view('Pages/menuPrincipal', [...])
 6 SYSTEMPATH\CodeIgniter.php(907): App\Controllers\MenuPrincipalController->menu()
 7 SYSTEMPATH\CodeIgniter.php(457): CodeIgniter\CodeIgniter->runController(Object(App\Controllers\MenuPrincipalController))
 8 SYSTEMPATH\CodeIgniter.php(340): CodeIgniter\CodeIgniter->handleRequest(null, Object(Config\Cache), false)
 9 FCPATH\index.php(67): CodeIgniter\CodeIgniter->run()
CRITICAL - 2022-10-12 08:48:21 --> Undefined array key "PHP_AUTH_USER"
in APPPATH\Views\Pages\menuPrincipal.php on line 2.
 1 APPPATH\Views\Pages\menuPrincipal.php(2): CodeIgniter\Debug\Exceptions->errorHandler(2, 'Undefined array key "PHP_AUTH_USER"', 'APPPATH\\Views\\Pages\\menuPrincipal.php', 2)
 2 SYSTEMPATH\View\View.php(213): include('APPPATH\\Views\\Pages\\menuPrincipal.php')
 3 SYSTEMPATH\View\View.php(216): CodeIgniter\View\View->CodeIgniter\View\{closure}()
 4 SYSTEMPATH\Common.php(1142): CodeIgniter\View\View->render('Pages/menuPrincipal', [], true)
 5 APPPATH\Controllers\MenuPrincipalController.php(11): view('Pages/menuPrincipal', [...])
 6 SYSTEMPATH\CodeIgniter.php(907): App\Controllers\MenuPrincipalController->menu()
 7 SYSTEMPATH\CodeIgniter.php(457): CodeIgniter\CodeIgniter->runController(Object(App\Controllers\MenuPrincipalController))
 8 SYSTEMPATH\CodeIgniter.php(340): CodeIgniter\CodeIgniter->handleRequest(null, Object(Config\Cache), false)
 9 FCPATH\index.php(67): CodeIgniter\CodeIgniter->run()
CRITICAL - 2022-10-12 08:48:22 --> Undefined array key "PHP_AUTH_USER"
in APPPATH\Views\Pages\menuPrincipal.php on line 2.
 1 APPPATH\Views\Pages\menuPrincipal.php(2): CodeIgniter\Debug\Exceptions->errorHandler(2, 'Undefined array key "PHP_AUTH_USER"', 'APPPATH\\Views\\Pages\\menuPrincipal.php', 2)
 2 SYSTEMPATH\View\View.php(213): include('APPPATH\\Views\\Pages\\menuPrincipal.php')
 3 SYSTEMPATH\View\View.php(216): CodeIgniter\View\View->CodeIgniter\View\{closure}()
 4 SYSTEMPATH\Common.php(1142): CodeIgniter\View\View->render('Pages/menuPrincipal', [], true)
 5 APPPATH\Controllers\MenuPrincipalController.php(11): view('Pages/menuPrincipal', [...])
 6 SYSTEMPATH\CodeIgniter.php(907): App\Controllers\MenuPrincipalController->menu()
 7 SYSTEMPATH\CodeIgniter.php(457): CodeIgniter\CodeIgniter->runController(Object(App\Controllers\MenuPrincipalController))
 8 SYSTEMPATH\CodeIgniter.php(340): CodeIgniter\CodeIgniter->handleRequest(null, Object(Config\Cache), false)
 9 FCPATH\index.php(67): CodeIgniter\CodeIgniter->run()
CRITICAL - 2022-10-12 08:48:22 --> Undefined array key "PHP_AUTH_USER"
in APPPATH\Views\Pages\menuPrincipal.php on line 2.
 1 APPPATH\Views\Pages\menuPrincipal.php(2): CodeIgniter\Debug\Exceptions->errorHandler(2, 'Undefined array key "PHP_AUTH_USER"', 'APPPATH\\Views\\Pages\\menuPrincipal.php', 2)
 2 SYSTEMPATH\View\View.php(213): include('APPPATH\\Views\\Pages\\menuPrincipal.php')
 3 SYSTEMPATH\View\View.php(216): CodeIgniter\View\View->CodeIgniter\View\{closure}()
 4 SYSTEMPATH\Common.php(1142): CodeIgniter\View\View->render('Pages/menuPrincipal', [], true)
 5 APPPATH\Controllers\MenuPrincipalController.php(11): view('Pages/menuPrincipal', [...])
 6 SYSTEMPATH\CodeIgniter.php(907): App\Controllers\MenuPrincipalController->menu()
 7 SYSTEMPATH\CodeIgniter.php(457): CodeIgniter\CodeIgniter->runController(Object(App\Controllers\MenuPrincipalController))
 8 SYSTEMPATH\CodeIgniter.php(340): CodeIgniter\CodeIgniter->handleRequest(null, Object(Config\Cache), false)
 9 FCPATH\index.php(67): CodeIgniter\CodeIgniter->run()
CRITICAL - 2022-10-12 08:48:23 --> Undefined array key "PHP_AUTH_USER"
in APPPATH\Views\Pages\menuPrincipal.php on line 2.
 1 APPPATH\Views\Pages\menuPrincipal.php(2): CodeIgniter\Debug\Exceptions->errorHandler(2, 'Undefined array key "PHP_AUTH_USER"', 'APPPATH\\Views\\Pages\\menuPrincipal.php', 2)
 2 SYSTEMPATH\View\View.php(213): include('APPPATH\\Views\\Pages\\menuPrincipal.php')
 3 SYSTEMPATH\View\View.php(216): CodeIgniter\View\View->CodeIgniter\View\{closure}()
 4 SYSTEMPATH\Common.php(1142): CodeIgniter\View\View->render('Pages/menuPrincipal', [], true)
 5 APPPATH\Controllers\MenuPrincipalController.php(11): view('Pages/menuPrincipal', [...])
 6 SYSTEMPATH\CodeIgniter.php(907): App\Controllers\MenuPrincipalController->menu()
 7 SYSTEMPATH\CodeIgniter.php(457): CodeIgniter\CodeIgniter->runController(Object(App\Controllers\MenuPrincipalController))
 8 SYSTEMPATH\CodeIgniter.php(340): CodeIgniter\CodeIgniter->handleRequest(null, Object(Config\Cache), false)
 9 FCPATH\index.php(67): CodeIgniter\CodeIgniter->run()
CRITICAL - 2022-10-12 08:48:23 --> Undefined array key "PHP_AUTH_USER"
in APPPATH\Views\Pages\menuPrincipal.php on line 2.
 1 APPPATH\Views\Pages\menuPrincipal.php(2): CodeIgniter\Debug\Exceptions->errorHandler(2, 'Undefined array key "PHP_AUTH_USER"', 'APPPATH\\Views\\Pages\\menuPrincipal.php', 2)
 2 SYSTEMPATH\View\View.php(213): include('APPPATH\\Views\\Pages\\menuPrincipal.php')
 3 SYSTEMPATH\View\View.php(216): CodeIgniter\View\View->CodeIgniter\View\{closure}()
 4 SYSTEMPATH\Common.php(1142): CodeIgniter\View\View->render('Pages/menuPrincipal', [], true)
 5 APPPATH\Controllers\MenuPrincipalController.php(11): view('Pages/menuPrincipal', [...])
 6 SYSTEMPATH\CodeIgniter.php(907): App\Controllers\MenuPrincipalController->menu()
 7 SYSTEMPATH\CodeIgniter.php(457): CodeIgniter\CodeIgniter->runController(Object(App\Controllers\MenuPrincipalController))
 8 SYSTEMPATH\CodeIgniter.php(340): CodeIgniter\CodeIgniter->handleRequest(null, Object(Config\Cache), false)
 9 FCPATH\index.php(67): CodeIgniter\CodeIgniter->run()
CRITICAL - 2022-10-12 08:48:23 --> Undefined array key "PHP_AUTH_USER"
in APPPATH\Views\Pages\menuPrincipal.php on line 2.
 1 APPPATH\Views\Pages\menuPrincipal.php(2): CodeIgniter\Debug\Exceptions->errorHandler(2, 'Undefined array key "PHP_AUTH_USER"', 'APPPATH\\Views\\Pages\\menuPrincipal.php', 2)
 2 SYSTEMPATH\View\View.php(213): include('APPPATH\\Views\\Pages\\menuPrincipal.php')
 3 SYSTEMPATH\View\View.php(216): CodeIgniter\View\View->CodeIgniter\View\{closure}()
 4 SYSTEMPATH\Common.php(1142): CodeIgniter\View\View->render('Pages/menuPrincipal', [], true)
 5 APPPATH\Controllers\MenuPrincipalController.php(11): view('Pages/menuPrincipal', [...])
 6 SYSTEMPATH\CodeIgniter.php(907): App\Controllers\MenuPrincipalController->menu()
 7 SYSTEMPATH\CodeIgniter.php(457): CodeIgniter\CodeIgniter->runController(Object(App\Controllers\MenuPrincipalController))
 8 SYSTEMPATH\CodeIgniter.php(340): CodeIgniter\CodeIgniter->handleRequest(null, Object(Config\Cache), false)
 9 FCPATH\index.php(67): CodeIgniter\CodeIgniter->run()
CRITICAL - 2022-10-12 08:48:23 --> Undefined array key "PHP_AUTH_USER"
in APPPATH\Views\Pages\menuPrincipal.php on line 2.
 1 APPPATH\Views\Pages\menuPrincipal.php(2): CodeIgniter\Debug\Exceptions->errorHandler(2, 'Undefined array key "PHP_AUTH_USER"', 'APPPATH\\Views\\Pages\\menuPrincipal.php', 2)
 2 SYSTEMPATH\View\View.php(213): include('APPPATH\\Views\\Pages\\menuPrincipal.php')
 3 SYSTEMPATH\View\View.php(216): CodeIgniter\View\View->CodeIgniter\View\{closure}()
 4 SYSTEMPATH\Common.php(1142): CodeIgniter\View\View->render('Pages/menuPrincipal', [], true)
 5 APPPATH\Controllers\MenuPrincipalController.php(11): view('Pages/menuPrincipal', [...])
 6 SYSTEMPATH\CodeIgniter.php(907): App\Controllers\MenuPrincipalController->menu()
 7 SYSTEMPATH\CodeIgniter.php(457): CodeIgniter\CodeIgniter->runController(Object(App\Controllers\MenuPrincipalController))
 8 SYSTEMPATH\CodeIgniter.php(340): CodeIgniter\CodeIgniter->handleRequest(null, Object(Config\Cache), false)
 9 FCPATH\index.php(67): CodeIgniter\CodeIgniter->run()
CRITICAL - 2022-10-12 08:50:25 --> Undefined array key "PHP_AUTH_USER"
in APPPATH\Views\Pages\menuPrincipal.php on line 2.
 1 APPPATH\Views\Pages\menuPrincipal.php(2): CodeIgniter\Debug\Exceptions->errorHandler(2, 'Undefined array key "PHP_AUTH_USER"', 'APPPATH\\Views\\Pages\\menuPrincipal.php', 2)
 2 SYSTEMPATH\View\View.php(213): include('APPPATH\\Views\\Pages\\menuPrincipal.php')
 3 SYSTEMPATH\View\View.php(216): CodeIgniter\View\View->CodeIgniter\View\{closure}()
 4 SYSTEMPATH\Common.php(1142): CodeIgniter\View\View->render('Pages/menuPrincipal', [], true)
 5 APPPATH\Controllers\MenuPrincipalController.php(11): view('Pages/menuPrincipal', [...])
 6 SYSTEMPATH\CodeIgniter.php(907): App\Controllers\MenuPrincipalController->menu()
 7 SYSTEMPATH\CodeIgniter.php(457): CodeIgniter\CodeIgniter->runController(Object(App\Controllers\MenuPrincipalController))
 8 SYSTEMPATH\CodeIgniter.php(340): CodeIgniter\CodeIgniter->handleRequest(null, Object(Config\Cache), false)
 9 FCPATH\index.php(67): CodeIgniter\CodeIgniter->run()
CRITICAL - 2022-10-12 08:50:28 --> Undefined variable $session
in APPPATH\Views\Pages\menuPrincipal.php on line 1.
 1 APPPATH\Views\Pages\menuPrincipal.php(1): CodeIgniter\Debug\Exceptions->errorHandler(2, 'Undefined variable $session', 'APPPATH\\Views\\Pages\\menuPrincipal.php', 1)
 2 SYSTEMPATH\View\View.php(213): include('APPPATH\\Views\\Pages\\menuPrincipal.php')
 3 SYSTEMPATH\View\View.php(216): CodeIgniter\View\View->CodeIgniter\View\{closure}()
 4 SYSTEMPATH\Common.php(1142): CodeIgniter\View\View->render('Pages/menuPrincipal', [], true)
 5 APPPATH\Controllers\MenuPrincipalController.php(11): view('Pages/menuPrincipal', [...])
 6 SYSTEMPATH\CodeIgniter.php(907): App\Controllers\MenuPrincipalController->menu()
 7 SYSTEMPATH\CodeIgniter.php(457): CodeIgniter\CodeIgniter->runController(Object(App\Controllers\MenuPrincipalController))
 8 SYSTEMPATH\CodeIgniter.php(340): CodeIgniter\CodeIgniter->handleRequest(null, Object(Config\Cache), false)
 9 FCPATH\index.php(67): CodeIgniter\CodeIgniter->run()
CRITICAL - 2022-10-12 08:52:43 --> Undefined variable $session
in APPPATH\Views\Pages\menuPrincipal.php on line 1.
 1 APPPATH\Views\Pages\menuPrincipal.php(1): CodeIgniter\Debug\Exceptions->errorHandler(2, 'Undefined variable $session', 'APPPATH\\Views\\Pages\\menuPrincipal.php', 1)
 2 SYSTEMPATH\View\View.php(213): include('APPPATH\\Views\\Pages\\menuPrincipal.php')
 3 SYSTEMPATH\View\View.php(216): CodeIgniter\View\View->CodeIgniter\View\{closure}()
 4 SYSTEMPATH\Common.php(1142): CodeIgniter\View\View->render('Pages/menuPrincipal', [], true)
 5 APPPATH\Controllers\MenuPrincipalController.php(11): view('Pages/menuPrincipal', [...])
 6 SYSTEMPATH\CodeIgniter.php(907): App\Controllers\MenuPrincipalController->menu()
 7 SYSTEMPATH\CodeIgniter.php(457): CodeIgniter\CodeIgniter->runController(Object(App\Controllers\MenuPrincipalController))
 8 SYSTEMPATH\CodeIgniter.php(340): CodeIgniter\CodeIgniter->handleRequest(null, Object(Config\Cache), false)
 9 FCPATH\index.php(67): CodeIgniter\CodeIgniter->run()
CRITICAL - 2022-10-12 08:52:58 --> Undefined variable $session
in APPPATH\Views\Pages\menuPrincipal.php on line 1.
 1 APPPATH\Views\Pages\menuPrincipal.php(1): CodeIgniter\Debug\Exceptions->errorHandler(2, 'Undefined variable $session', 'APPPATH\\Views\\Pages\\menuPrincipal.php', 1)
 2 SYSTEMPATH\View\View.php(213): include('APPPATH\\Views\\Pages\\menuPrincipal.php')
 3 SYSTEMPATH\View\View.php(216): CodeIgniter\View\View->CodeIgniter\View\{closure}()
 4 SYSTEMPATH\Common.php(1142): CodeIgniter\View\View->render('Pages/menuPrincipal', [], true)
 5 APPPATH\Controllers\MenuPrincipalController.php(11): view('Pages/menuPrincipal', [...])
 6 SYSTEMPATH\CodeIgniter.php(907): App\Controllers\MenuPrincipalController->menu()
 7 SYSTEMPATH\CodeIgniter.php(457): CodeIgniter\CodeIgniter->runController(Object(App\Controllers\MenuPrincipalController))
 8 SYSTEMPATH\CodeIgniter.php(340): CodeIgniter\CodeIgniter->handleRequest(null, Object(Config\Cache), false)
 9 FCPATH\index.php(67): CodeIgniter\CodeIgniter->run()
CRITICAL - 2022-10-12 08:53:24 --> Undefined variable $session
in APPPATH\Views\Pages\menuPrincipal.php on line 1.
 1 APPPATH\Views\Pages\menuPrincipal.php(1): CodeIgniter\Debug\Exceptions->errorHandler(2, 'Undefined variable $session', 'APPPATH\\Views\\Pages\\menuPrincipal.php', 1)
 2 SYSTEMPATH\View\View.php(213): include('APPPATH\\Views\\Pages\\menuPrincipal.php')
 3 SYSTEMPATH\View\View.php(216): CodeIgniter\View\View->CodeIgniter\View\{closure}()
 4 SYSTEMPATH\Common.php(1142): CodeIgniter\View\View->render('Pages/menuPrincipal', [], true)
 5 APPPATH\Controllers\MenuPrincipalController.php(11): view('Pages/menuPrincipal', [...])
 6 SYSTEMPATH\CodeIgniter.php(907): App\Controllers\MenuPrincipalController->menu()
 7 SYSTEMPATH\CodeIgniter.php(457): CodeIgniter\CodeIgniter->runController(Object(App\Controllers\MenuPrincipalController))
 8 SYSTEMPATH\CodeIgniter.php(340): CodeIgniter\CodeIgniter->handleRequest(null, Object(Config\Cache), false)
 9 FCPATH\index.php(67): CodeIgniter\CodeIgniter->run()
ERROR - 2022-10-12 11:50:07 --> mysqli_sql_exception: Unknown column 'fab_ref' in 'order clause' in C:\xampp\htdocs\actipress\system\Database\MySQLi\Connection.php:292
Stack trace:
#0 C:\xampp\htdocs\actipress\system\Database\MySQLi\Connection.php(292): mysqli->query('SELECT *\nFROM `...', 0)
#1 C:\xampp\htdocs\actipress\system\Database\BaseConnection.php(693): CodeIgniter\Database\MySQLi\Connection->execute('SELECT *\nFROM `...')
#2 C:\xampp\htdocs\actipress\system\Database\BaseConnection.php(620): CodeIgniter\Database\BaseConnection->simpleQuery('SELECT *\nFROM `...')
#3 C:\xampp\htdocs\actipress\system\Database\BaseBuilder.php(1585): CodeIgniter\Database\BaseConnection->query('SELECT *\nFROM `...', Array, false)
#4 C:\xampp\htdocs\actipress\system\Model.php(223): CodeIgniter\Database\BaseBuilder->get()
#5 C:\xampp\htdocs\actipress\system\BaseModel.php(584): CodeIgniter\Model->doFindAll(0, 0)
#6 C:\xampp\htdocs\actipress\app\Controllers\Utilisateurs.php(16): CodeIgniter\BaseModel->findAll()
#7 C:\xampp\htdocs\actipress\system\CodeIgniter.php(907): App\Controllers\Utilisateurs->lister()
#8 C:\xampp\htdocs\actipress\system\CodeIgniter.php(457): CodeIgniter\CodeIgniter->runController(Object(App\Controllers\Utilisateurs))
#9 C:\xampp\htdocs\actipress\system\CodeIgniter.php(340): CodeIgniter\CodeIgniter->handleRequest(NULL, Object(Config\Cache), false)
#10 C:\xampp\htdocs\actipress\public\index.php(67): CodeIgniter\CodeIgniter->run()
#11 {main}
CRITICAL - 2022-10-12 11:50:07 --> Unknown column 'fab_ref' in 'order clause'
in SYSTEMPATH\Database\MySQLi\Connection.php on line 292.
 1 SYSTEMPATH\Database\MySQLi\Connection.php(292): mysqli->query('SELECT *
FROM `utilisateurs`
ORDER BY `fab_ref`', 0)
 2 SYSTEMPATH\Database\BaseConnection.php(693): CodeIgniter\Database\MySQLi\Connection->execute('SELECT *
FROM `utilisateurs`
ORDER BY `fab_ref`')
 3 SYSTEMPATH\Database\BaseConnection.php(620): CodeIgniter\Database\BaseConnection->simpleQuery('SELECT *
FROM `utilisateurs`
ORDER BY `fab_ref`')
 4 SYSTEMPATH\Database\BaseBuilder.php(1585): CodeIgniter\Database\BaseConnection->query('SELECT *
FROM `utilisateurs`
ORDER BY `fab_ref`', [], false)
 5 SYSTEMPATH\Model.php(223): CodeIgniter\Database\BaseBuilder->get()
 6 SYSTEMPATH\BaseModel.php(584): CodeIgniter\Model->doFindAll(0, 0)
 7 APPPATH\Controllers\Utilisateurs.php(16): CodeIgniter\BaseModel->findAll()
 8 SYSTEMPATH\CodeIgniter.php(907): App\Controllers\Utilisateurs->lister()
 9 SYSTEMPATH\CodeIgniter.php(457): CodeIgniter\CodeIgniter->runController(Object(App\Controllers\Utilisateurs))
10 SYSTEMPATH\CodeIgniter.php(340): CodeIgniter\CodeIgniter->handleRequest(null, Object(Config\Cache), false)
11 FCPATH\index.php(67): CodeIgniter\CodeIgniter->run()
ERROR - 2022-10-12 11:56:40 --> mysqli_sql_exception: Unknown column 'fab_ref' in 'order clause' in C:\xampp\htdocs\actipress\system\Database\MySQLi\Connection.php:292
Stack trace:
#0 C:\xampp\htdocs\actipress\system\Database\MySQLi\Connection.php(292): mysqli->query('SELECT *\nFROM `...', 0)
#1 C:\xampp\htdocs\actipress\system\Database\BaseConnection.php(693): CodeIgniter\Database\MySQLi\Connection->execute('SELECT *\nFROM `...')
#2 C:\xampp\htdocs\actipress\system\Database\BaseConnection.php(620): CodeIgniter\Database\BaseConnection->simpleQuery('SELECT *\nFROM `...')
#3 C:\xampp\htdocs\actipress\system\Database\BaseBuilder.php(1585): CodeIgniter\Database\BaseConnection->query('SELECT *\nFROM `...', Array, false)
#4 C:\xampp\htdocs\actipress\system\Model.php(223): CodeIgniter\Database\BaseBuilder->get()
#5 C:\xampp\htdocs\actipress\system\BaseModel.php(584): CodeIgniter\Model->doFindAll(0, 0)
#6 C:\xampp\htdocs\actipress\app\Controllers\Utilisateurs.php(16): CodeIgniter\BaseModel->findAll()
#7 C:\xampp\htdocs\actipress\system\CodeIgniter.php(907): App\Controllers\Utilisateurs->lister()
#8 C:\xampp\htdocs\actipress\system\CodeIgniter.php(457): CodeIgniter\CodeIgniter->runController(Object(App\Controllers\Utilisateurs))
#9 C:\xampp\htdocs\actipress\system\CodeIgniter.php(340): CodeIgniter\CodeIgniter->handleRequest(NULL, Object(Config\Cache), false)
#10 C:\xampp\htdocs\actipress\public\index.php(67): CodeIgniter\CodeIgniter->run()
#11 {main}
CRITICAL - 2022-10-12 11:56:40 --> Unknown column 'fab_ref' in 'order clause'
in SYSTEMPATH\Database\MySQLi\Connection.php on line 292.
 1 SYSTEMPATH\Database\MySQLi\Connection.php(292): mysqli->query('SELECT *
FROM `utilisateurs`
ORDER BY `fab_ref`', 0)
 2 SYSTEMPATH\Database\BaseConnection.php(693): CodeIgniter\Database\MySQLi\Connection->execute('SELECT *
FROM `utilisateurs`
ORDER BY `fab_ref`')
 3 SYSTEMPATH\Database\BaseConnection.php(620): CodeIgniter\Database\BaseConnection->simpleQuery('SELECT *
FROM `utilisateurs`
ORDER BY `fab_ref`')
 4 SYSTEMPATH\Database\BaseBuilder.php(1585): CodeIgniter\Database\BaseConnection->query('SELECT *
FROM `utilisateurs`
ORDER BY `fab_ref`', [], false)
 5 SYSTEMPATH\Model.php(223): CodeIgniter\Database\BaseBuilder->get()
 6 SYSTEMPATH\BaseModel.php(584): CodeIgniter\Model->doFindAll(0, 0)
 7 APPPATH\Controllers\Utilisateurs.php(16): CodeIgniter\BaseModel->findAll()
 8 SYSTEMPATH\CodeIgniter.php(907): App\Controllers\Utilisateurs->lister()
 9 SYSTEMPATH\CodeIgniter.php(457): CodeIgniter\CodeIgniter->runController(Object(App\Controllers\Utilisateurs))
10 SYSTEMPATH\CodeIgniter.php(340): CodeIgniter\CodeIgniter->handleRequest(null, Object(Config\Cache), false)
11 FCPATH\index.php(67): CodeIgniter\CodeIgniter->run()
ERROR - 2022-10-12 11:56:41 --> mysqli_sql_exception: Unknown column 'fab_ref' in 'order clause' in C:\xampp\htdocs\actipress\system\Database\MySQLi\Connection.php:292
Stack trace:
#0 C:\xampp\htdocs\actipress\system\Database\MySQLi\Connection.php(292): mysqli->query('SELECT *\nFROM `...', 0)
#1 C:\xampp\htdocs\actipress\system\Database\BaseConnection.php(693): CodeIgniter\Database\MySQLi\Connection->execute('SELECT *\nFROM `...')
#2 C:\xampp\htdocs\actipress\system\Database\BaseConnection.php(620): CodeIgniter\Database\BaseConnection->simpleQuery('SELECT *\nFROM `...')
#3 C:\xampp\htdocs\actipress\system\Database\BaseBuilder.php(1585): CodeIgniter\Database\BaseConnection->query('SELECT *\nFROM `...', Array, false)
#4 C:\xampp\htdocs\actipress\system\Model.php(223): CodeIgniter\Database\BaseBuilder->get()
#5 C:\xampp\htdocs\actipress\system\BaseModel.php(584): CodeIgniter\Model->doFindAll(0, 0)
#6 C:\xampp\htdocs\actipress\app\Controllers\Utilisateurs.php(16): CodeIgniter\BaseModel->findAll()
#7 C:\xampp\htdocs\actipress\system\CodeIgniter.php(907): App\Controllers\Utilisateurs->lister()
#8 C:\xampp\htdocs\actipress\system\CodeIgniter.php(457): CodeIgniter\CodeIgniter->runController(Object(App\Controllers\Utilisateurs))
#9 C:\xampp\htdocs\actipress\system\CodeIgniter.php(340): CodeIgniter\CodeIgniter->handleRequest(NULL, Object(Config\Cache), false)
#10 C:\xampp\htdocs\actipress\public\index.php(67): CodeIgniter\CodeIgniter->run()
#11 {main}
CRITICAL - 2022-10-12 11:56:41 --> Unknown column 'fab_ref' in 'order clause'
in SYSTEMPATH\Database\MySQLi\Connection.php on line 292.
 1 SYSTEMPATH\Database\MySQLi\Connection.php(292): mysqli->query('SELECT *
FROM `utilisateurs`
ORDER BY `fab_ref`', 0)
 2 SYSTEMPATH\Database\BaseConnection.php(693): CodeIgniter\Database\MySQLi\Connection->execute('SELECT *
FROM `utilisateurs`
ORDER BY `fab_ref`')
 3 SYSTEMPATH\Database\BaseConnection.php(620): CodeIgniter\Database\BaseConnection->simpleQuery('SELECT *
FROM `utilisateurs`
ORDER BY `fab_ref`')
 4 SYSTEMPATH\Database\BaseBuilder.php(1585): CodeIgniter\Database\BaseConnection->query('SELECT *
FROM `utilisateurs`
ORDER BY `fab_ref`', [], false)
 5 SYSTEMPATH\Model.php(223): CodeIgniter\Database\BaseBuilder->get()
 6 SYSTEMPATH\BaseModel.php(584): CodeIgniter\Model->doFindAll(0, 0)
 7 APPPATH\Controllers\Utilisateurs.php(16): CodeIgniter\BaseModel->findAll()
 8 SYSTEMPATH\CodeIgniter.php(907): App\Controllers\Utilisateurs->lister()
 9 SYSTEMPATH\CodeIgniter.php(457): CodeIgniter\CodeIgniter->runController(Object(App\Controllers\Utilisateurs))
10 SYSTEMPATH\CodeIgniter.php(340): CodeIgniter\CodeIgniter->handleRequest(null, Object(Config\Cache), false)
11 FCPATH\index.php(67): CodeIgniter\CodeIgniter->run()
ERROR - 2022-10-12 11:56:42 --> mysqli_sql_exception: Unknown column 'fab_ref' in 'order clause' in C:\xampp\htdocs\actipress\system\Database\MySQLi\Connection.php:292
Stack trace:
#0 C:\xampp\htdocs\actipress\system\Database\MySQLi\Connection.php(292): mysqli->query('SELECT *\nFROM `...', 0)
#1 C:\xampp\htdocs\actipress\system\Database\BaseConnection.php(693): CodeIgniter\Database\MySQLi\Connection->execute('SELECT *\nFROM `...')
#2 C:\xampp\htdocs\actipress\system\Database\BaseConnection.php(620): CodeIgniter\Database\BaseConnection->simpleQuery('SELECT *\nFROM `...')
#3 C:\xampp\htdocs\actipress\system\Database\BaseBuilder.php(1585): CodeIgniter\Database\BaseConnection->query('SELECT *\nFROM `...', Array, false)
#4 C:\xampp\htdocs\actipress\system\Model.php(223): CodeIgniter\Database\BaseBuilder->get()
#5 C:\xampp\htdocs\actipress\system\BaseModel.php(584): CodeIgniter\Model->doFindAll(0, 0)
#6 C:\xampp\htdocs\actipress\app\Controllers\Utilisateurs.php(16): CodeIgniter\BaseModel->findAll()
#7 C:\xampp\htdocs\actipress\system\CodeIgniter.php(907): App\Controllers\Utilisateurs->lister()
#8 C:\xampp\htdocs\actipress\system\CodeIgniter.php(457): CodeIgniter\CodeIgniter->runController(Object(App\Controllers\Utilisateurs))
#9 C:\xampp\htdocs\actipress\system\CodeIgniter.php(340): CodeIgniter\CodeIgniter->handleRequest(NULL, Object(Config\Cache), false)
#10 C:\xampp\htdocs\actipress\public\index.php(67): CodeIgniter\CodeIgniter->run()
#11 {main}
CRITICAL - 2022-10-12 11:56:42 --> Unknown column 'fab_ref' in 'order clause'
in SYSTEMPATH\Database\MySQLi\Connection.php on line 292.
 1 SYSTEMPATH\Database\MySQLi\Connection.php(292): mysqli->query('SELECT *
FROM `utilisateurs`
ORDER BY `fab_ref`', 0)
 2 SYSTEMPATH\Database\BaseConnection.php(693): CodeIgniter\Database\MySQLi\Connection->execute('SELECT *
FROM `utilisateurs`
ORDER BY `fab_ref`')
 3 SYSTEMPATH\Database\BaseConnection.php(620): CodeIgniter\Database\BaseConnection->simpleQuery('SELECT *
FROM `utilisateurs`
ORDER BY `fab_ref`')
 4 SYSTEMPATH\Database\BaseBuilder.php(1585): CodeIgniter\Database\BaseConnection->query('SELECT *
FROM `utilisateurs`
ORDER BY `fab_ref`', [], false)
 5 SYSTEMPATH\Model.php(223): CodeIgniter\Database\BaseBuilder->get()
 6 SYSTEMPATH\BaseModel.php(584): CodeIgniter\Model->doFindAll(0, 0)
 7 APPPATH\Controllers\Utilisateurs.php(16): CodeIgniter\BaseModel->findAll()
 8 SYSTEMPATH\CodeIgniter.php(907): App\Controllers\Utilisateurs->lister()
 9 SYSTEMPATH\CodeIgniter.php(457): CodeIgniter\CodeIgniter->runController(Object(App\Controllers\Utilisateurs))
10 SYSTEMPATH\CodeIgniter.php(340): CodeIgniter\CodeIgniter->handleRequest(null, Object(Config\Cache), false)
11 FCPATH\index.php(67): CodeIgniter\CodeIgniter->run()
ERROR - 2022-10-12 11:56:42 --> mysqli_sql_exception: Unknown column 'fab_ref' in 'order clause' in C:\xampp\htdocs\actipress\system\Database\MySQLi\Connection.php:292
Stack trace:
#0 C:\xampp\htdocs\actipress\system\Database\MySQLi\Connection.php(292): mysqli->query('SELECT *\nFROM `...', 0)
#1 C:\xampp\htdocs\actipress\system\Database\BaseConnection.php(693): CodeIgniter\Database\MySQLi\Connection->execute('SELECT *\nFROM `...')
#2 C:\xampp\htdocs\actipress\system\Database\BaseConnection.php(620): CodeIgniter\Database\BaseConnection->simpleQuery('SELECT *\nFROM `...')
#3 C:\xampp\htdocs\actipress\system\Database\BaseBuilder.php(1585): CodeIgniter\Database\BaseConnection->query('SELECT *\nFROM `...', Array, false)
#4 C:\xampp\htdocs\actipress\system\Model.php(223): CodeIgniter\Database\BaseBuilder->get()
#5 C:\xampp\htdocs\actipress\system\BaseModel.php(584): CodeIgniter\Model->doFindAll(0, 0)
#6 C:\xampp\htdocs\actipress\app\Controllers\Utilisateurs.php(16): CodeIgniter\BaseModel->findAll()
#7 C:\xampp\htdocs\actipress\system\CodeIgniter.php(907): App\Controllers\Utilisateurs->lister()
#8 C:\xampp\htdocs\actipress\system\CodeIgniter.php(457): CodeIgniter\CodeIgniter->runController(Object(App\Controllers\Utilisateurs))
#9 C:\xampp\htdocs\actipress\system\CodeIgniter.php(340): CodeIgniter\CodeIgniter->handleRequest(NULL, Object(Config\Cache), false)
#10 C:\xampp\htdocs\actipress\public\index.php(67): CodeIgniter\CodeIgniter->run()
#11 {main}
CRITICAL - 2022-10-12 11:56:42 --> Unknown column 'fab_ref' in 'order clause'
in SYSTEMPATH\Database\MySQLi\Connection.php on line 292.
 1 SYSTEMPATH\Database\MySQLi\Connection.php(292): mysqli->query('SELECT *
FROM `utilisateurs`
ORDER BY `fab_ref`', 0)
 2 SYSTEMPATH\Database\BaseConnection.php(693): CodeIgniter\Database\MySQLi\Connection->execute('SELECT *
FROM `utilisateurs`
ORDER BY `fab_ref`')
 3 SYSTEMPATH\Database\BaseConnection.php(620): CodeIgniter\Database\BaseConnection->simpleQuery('SELECT *
FROM `utilisateurs`
ORDER BY `fab_ref`')
 4 SYSTEMPATH\Database\BaseBuilder.php(1585): CodeIgniter\Database\BaseConnection->query('SELECT *
FROM `utilisateurs`
ORDER BY `fab_ref`', [], false)
 5 SYSTEMPATH\Model.php(223): CodeIgniter\Database\BaseBuilder->get()
 6 SYSTEMPATH\BaseModel.php(584): CodeIgniter\Model->doFindAll(0, 0)
 7 APPPATH\Controllers\Utilisateurs.php(16): CodeIgniter\BaseModel->findAll()
 8 SYSTEMPATH\CodeIgniter.php(907): App\Controllers\Utilisateurs->lister()
 9 SYSTEMPATH\CodeIgniter.php(457): CodeIgniter\CodeIgniter->runController(Object(App\Controllers\Utilisateurs))
10 SYSTEMPATH\CodeIgniter.php(340): CodeIgniter\CodeIgniter->handleRequest(null, Object(Config\Cache), false)
11 FCPATH\index.php(67): CodeIgniter\CodeIgniter->run()
CRITICAL - 2022-10-12 11:57:26 --> Invalid file: pages/utilisateurs/lister.php
in SYSTEMPATH\Exceptions\FrameworkException.php on line 33.
 1 SYSTEMPATH\View\View.php(201): CodeIgniter\Exceptions\FrameworkException::forInvalidFile('pages/utilisateurs/lister.php')
 2 SYSTEMPATH\Common.php(1142): CodeIgniter\View\View->render('pages/utilisateurs/lister', [], true)
 3 APPPATH\Controllers\Utilisateurs.php(11): view('pages/utilisateurs/lister', [...])
 4 APPPATH\Controllers\Utilisateurs.php(17): App\Controllers\Utilisateurs->view('lister', [...])
 5 SYSTEMPATH\CodeIgniter.php(907): App\Controllers\Utilisateurs->lister()
 6 SYSTEMPATH\CodeIgniter.php(457): CodeIgniter\CodeIgniter->runController(Object(App\Controllers\Utilisateurs))
 7 SYSTEMPATH\CodeIgniter.php(340): CodeIgniter\CodeIgniter->handleRequest(null, Object(Config\Cache), false)
 8 FCPATH\index.php(67): CodeIgniter\CodeIgniter->run()
