CRITICAL - 2022-10-19 08:21:44 --> Undefined variable $pseudo
in APPPATH\Views\Pages\login.php on line 1.
 1 APPPATH\Views\Pages\login.php(1): CodeIgniter\Debug\Exceptions->errorHandler(2, 'Undefined variable $pseudo', 'APPPATH\\Views\\Pages\\login.php', 1)
 2 SYSTEMPATH\View\View.php(213): include('APPPATH\\Views\\Pages\\login.php')
 3 SYSTEMPATH\View\View.php(216): CodeIgniter\View\View->CodeIgniter\View\{closure}()
 4 SYSTEMPATH\Common.php(1142): CodeIgniter\View\View->render('pages/login', [], true)
 5 APPPATH\Controllers\Login.php(12): view('pages/login', [...])
 6 SYSTEMPATH\CodeIgniter.php(907): App\Controllers\Login->signer()
 7 SYSTEMPATH\CodeIgniter.php(457): CodeIgniter\CodeIgniter->runController(Object(App\Controllers\Login))
 8 SYSTEMPATH\CodeIgniter.php(340): CodeIgniter\CodeIgniter->handleRequest(null, Object(Config\Cache), false)
 9 FCPATH\index.php(67): CodeIgniter\CodeIgniter->run()
CRITICAL - 2022-10-19 08:24:02 --> Undefined variable $password
in APPPATH\Views\Pages\login.php on line 7.
 1 APPPATH\Views\Pages\login.php(7): CodeIgniter\Debug\Exceptions->errorHandler(2, 'Undefined variable $password', 'APPPATH\\Views\\Pages\\login.php', 7)
 2 SYSTEMPATH\View\View.php(213): include('APPPATH\\Views\\Pages\\login.php')
 3 SYSTEMPATH\View\View.php(216): CodeIgniter\View\View->CodeIgniter\View\{closure}()
 4 SYSTEMPATH\Common.php(1142): CodeIgniter\View\View->render('pages/login', [], true)
 5 APPPATH\Controllers\Login.php(12): view('pages/login', [...])
 6 SYSTEMPATH\CodeIgniter.php(907): App\Controllers\Login->signer()
 7 SYSTEMPATH\CodeIgniter.php(457): CodeIgniter\CodeIgniter->runController(Object(App\Controllers\Login))
 8 SYSTEMPATH\CodeIgniter.php(340): CodeIgniter\CodeIgniter->handleRequest(null, Object(Config\Cache), false)
 9 FCPATH\index.php(67): CodeIgniter\CodeIgniter->run()
CRITICAL - 2022-10-19 08:24:03 --> Undefined variable $password
in APPPATH\Views\Pages\login.php on line 7.
 1 APPPATH\Views\Pages\login.php(7): CodeIgniter\Debug\Exceptions->errorHandler(2, 'Undefined variable $password', 'APPPATH\\Views\\Pages\\login.php', 7)
 2 SYSTEMPATH\View\View.php(213): include('APPPATH\\Views\\Pages\\login.php')
 3 SYSTEMPATH\View\View.php(216): CodeIgniter\View\View->CodeIgniter\View\{closure}()
 4 SYSTEMPATH\Common.php(1142): CodeIgniter\View\View->render('pages/login', [], true)
 5 APPPATH\Controllers\Login.php(12): view('pages/login', [...])
 6 SYSTEMPATH\CodeIgniter.php(907): App\Controllers\Login->signer()
 7 SYSTEMPATH\CodeIgniter.php(457): CodeIgniter\CodeIgniter->runController(Object(App\Controllers\Login))
 8 SYSTEMPATH\CodeIgniter.php(340): CodeIgniter\CodeIgniter->handleRequest(null, Object(Config\Cache), false)
 9 FCPATH\index.php(67): CodeIgniter\CodeIgniter->run()
CRITICAL - 2022-10-19 08:24:03 --> Undefined variable $password
in APPPATH\Views\Pages\login.php on line 7.
 1 APPPATH\Views\Pages\login.php(7): CodeIgniter\Debug\Exceptions->errorHandler(2, 'Undefined variable $password', 'APPPATH\\Views\\Pages\\login.php', 7)
 2 SYSTEMPATH\View\View.php(213): include('APPPATH\\Views\\Pages\\login.php')
 3 SYSTEMPATH\View\View.php(216): CodeIgniter\View\View->CodeIgniter\View\{closure}()
 4 SYSTEMPATH\Common.php(1142): CodeIgniter\View\View->render('pages/login', [], true)
 5 APPPATH\Controllers\Login.php(12): view('pages/login', [...])
 6 SYSTEMPATH\CodeIgniter.php(907): App\Controllers\Login->signer()
 7 SYSTEMPATH\CodeIgniter.php(457): CodeIgniter\CodeIgniter->runController(Object(App\Controllers\Login))
 8 SYSTEMPATH\CodeIgniter.php(340): CodeIgniter\CodeIgniter->handleRequest(null, Object(Config\Cache), false)
 9 FCPATH\index.php(67): CodeIgniter\CodeIgniter->run()
CRITICAL - 2022-10-19 08:24:03 --> Undefined variable $password
in APPPATH\Views\Pages\login.php on line 7.
 1 APPPATH\Views\Pages\login.php(7): CodeIgniter\Debug\Exceptions->errorHandler(2, 'Undefined variable $password', 'APPPATH\\Views\\Pages\\login.php', 7)
 2 SYSTEMPATH\View\View.php(213): include('APPPATH\\Views\\Pages\\login.php')
 3 SYSTEMPATH\View\View.php(216): CodeIgniter\View\View->CodeIgniter\View\{closure}()
 4 SYSTEMPATH\Common.php(1142): CodeIgniter\View\View->render('pages/login', [], true)
 5 APPPATH\Controllers\Login.php(12): view('pages/login', [...])
 6 SYSTEMPATH\CodeIgniter.php(907): App\Controllers\Login->signer()
 7 SYSTEMPATH\CodeIgniter.php(457): CodeIgniter\CodeIgniter->runController(Object(App\Controllers\Login))
 8 SYSTEMPATH\CodeIgniter.php(340): CodeIgniter\CodeIgniter->handleRequest(null, Object(Config\Cache), false)
 9 FCPATH\index.php(67): CodeIgniter\CodeIgniter->run()
CRITICAL - 2022-10-19 08:24:03 --> Undefined variable $password
in APPPATH\Views\Pages\login.php on line 7.
 1 APPPATH\Views\Pages\login.php(7): CodeIgniter\Debug\Exceptions->errorHandler(2, 'Undefined variable $password', 'APPPATH\\Views\\Pages\\login.php', 7)
 2 SYSTEMPATH\View\View.php(213): include('APPPATH\\Views\\Pages\\login.php')
 3 SYSTEMPATH\View\View.php(216): CodeIgniter\View\View->CodeIgniter\View\{closure}()
 4 SYSTEMPATH\Common.php(1142): CodeIgniter\View\View->render('pages/login', [], true)
 5 APPPATH\Controllers\Login.php(12): view('pages/login', [...])
 6 SYSTEMPATH\CodeIgniter.php(907): App\Controllers\Login->signer()
 7 SYSTEMPATH\CodeIgniter.php(457): CodeIgniter\CodeIgniter->runController(Object(App\Controllers\Login))
 8 SYSTEMPATH\CodeIgniter.php(340): CodeIgniter\CodeIgniter->handleRequest(null, Object(Config\Cache), false)
 9 FCPATH\index.php(67): CodeIgniter\CodeIgniter->run()
CRITICAL - 2022-10-19 08:24:04 --> Undefined variable $password
in APPPATH\Views\Pages\login.php on line 7.
 1 APPPATH\Views\Pages\login.php(7): CodeIgniter\Debug\Exceptions->errorHandler(2, 'Undefined variable $password', 'APPPATH\\Views\\Pages\\login.php', 7)
 2 SYSTEMPATH\View\View.php(213): include('APPPATH\\Views\\Pages\\login.php')
 3 SYSTEMPATH\View\View.php(216): CodeIgniter\View\View->CodeIgniter\View\{closure}()
 4 SYSTEMPATH\Common.php(1142): CodeIgniter\View\View->render('pages/login', [], true)
 5 APPPATH\Controllers\Login.php(12): view('pages/login', [...])
 6 SYSTEMPATH\CodeIgniter.php(907): App\Controllers\Login->signer()
 7 SYSTEMPATH\CodeIgniter.php(457): CodeIgniter\CodeIgniter->runController(Object(App\Controllers\Login))
 8 SYSTEMPATH\CodeIgniter.php(340): CodeIgniter\CodeIgniter->handleRequest(null, Object(Config\Cache), false)
 9 FCPATH\index.php(67): CodeIgniter\CodeIgniter->run()
CRITICAL - 2022-10-19 08:24:04 --> Undefined variable $password
in APPPATH\Views\Pages\login.php on line 7.
 1 APPPATH\Views\Pages\login.php(7): CodeIgniter\Debug\Exceptions->errorHandler(2, 'Undefined variable $password', 'APPPATH\\Views\\Pages\\login.php', 7)
 2 SYSTEMPATH\View\View.php(213): include('APPPATH\\Views\\Pages\\login.php')
 3 SYSTEMPATH\View\View.php(216): CodeIgniter\View\View->CodeIgniter\View\{closure}()
 4 SYSTEMPATH\Common.php(1142): CodeIgniter\View\View->render('pages/login', [], true)
 5 APPPATH\Controllers\Login.php(12): view('pages/login', [...])
 6 SYSTEMPATH\CodeIgniter.php(907): App\Controllers\Login->signer()
 7 SYSTEMPATH\CodeIgniter.php(457): CodeIgniter\CodeIgniter->runController(Object(App\Controllers\Login))
 8 SYSTEMPATH\CodeIgniter.php(340): CodeIgniter\CodeIgniter->handleRequest(null, Object(Config\Cache), false)
 9 FCPATH\index.php(67): CodeIgniter\CodeIgniter->run()
CRITICAL - 2022-10-19 08:24:25 --> Undefined variable $session
in APPPATH\Views\Pages\menuPrincipal.php on line 1.
 1 APPPATH\Views\Pages\menuPrincipal.php(1): CodeIgniter\Debug\Exceptions->errorHandler(2, 'Undefined variable $session', 'APPPATH\\Views\\Pages\\menuPrincipal.php', 1)
 2 SYSTEMPATH\View\View.php(213): include('APPPATH\\Views\\Pages\\menuPrincipal.php')
 3 SYSTEMPATH\View\View.php(216): CodeIgniter\View\View->CodeIgniter\View\{closure}()
 4 SYSTEMPATH\Common.php(1142): CodeIgniter\View\View->render('Pages/menuPrincipal', [], true)
 5 APPPATH\Controllers\MenuPrincipalController.php(11): view('Pages/menuPrincipal', [...])
 6 SYSTEMPATH\CodeIgniter.php(907): App\Controllers\MenuPrincipalController->menu()
 7 SYSTEMPATH\CodeIgniter.php(457): CodeIgniter\CodeIgniter->runController(Object(App\Controllers\MenuPrincipalController))
 8 SYSTEMPATH\CodeIgniter.php(340): CodeIgniter\CodeIgniter->handleRequest(null, Object(Config\Cache), false)
 9 FCPATH\index.php(67): CodeIgniter\CodeIgniter->run()
CRITICAL - 2022-10-19 09:02:31 --> Undefined variable $session
in APPPATH\Views\Pages\menuPrincipal.php on line 1.
 1 APPPATH\Views\Pages\menuPrincipal.php(1): CodeIgniter\Debug\Exceptions->errorHandler(2, 'Undefined variable $session', 'APPPATH\\Views\\Pages\\menuPrincipal.php', 1)
 2 SYSTEMPATH\View\View.php(213): include('APPPATH\\Views\\Pages\\menuPrincipal.php')
 3 SYSTEMPATH\View\View.php(216): CodeIgniter\View\View->CodeIgniter\View\{closure}()
 4 SYSTEMPATH\Common.php(1142): CodeIgniter\View\View->render('Pages/menuPrincipal', [], true)
 5 APPPATH\Controllers\MenuPrincipalController.php(11): view('Pages/menuPrincipal', [...])
 6 SYSTEMPATH\CodeIgniter.php(907): App\Controllers\MenuPrincipalController->menu()
 7 SYSTEMPATH\CodeIgniter.php(457): CodeIgniter\CodeIgniter->runController(Object(App\Controllers\MenuPrincipalController))
 8 SYSTEMPATH\CodeIgniter.php(340): CodeIgniter\CodeIgniter->handleRequest(null, Object(Config\Cache), false)
 9 FCPATH\index.php(67): CodeIgniter\CodeIgniter->run()
CRITICAL - 2022-10-19 09:03:16 --> Undefined variable $session
in APPPATH\Views\Pages\menuPrincipal.php on line 1.
 1 APPPATH\Views\Pages\menuPrincipal.php(1): CodeIgniter\Debug\Exceptions->errorHandler(2, 'Undefined variable $session', 'APPPATH\\Views\\Pages\\menuPrincipal.php', 1)
 2 SYSTEMPATH\View\View.php(213): include('APPPATH\\Views\\Pages\\menuPrincipal.php')
 3 SYSTEMPATH\View\View.php(216): CodeIgniter\View\View->CodeIgniter\View\{closure}()
 4 SYSTEMPATH\Common.php(1142): CodeIgniter\View\View->render('Pages/menuPrincipal', [], true)
 5 APPPATH\Controllers\MenuPrincipalController.php(11): view('Pages/menuPrincipal', [...])
 6 SYSTEMPATH\CodeIgniter.php(907): App\Controllers\MenuPrincipalController->menu()
 7 SYSTEMPATH\CodeIgniter.php(457): CodeIgniter\CodeIgniter->runController(Object(App\Controllers\MenuPrincipalController))
 8 SYSTEMPATH\CodeIgniter.php(340): CodeIgniter\CodeIgniter->handleRequest(null, Object(Config\Cache), false)
 9 FCPATH\index.php(67): CodeIgniter\CodeIgniter->run()
CRITICAL - 2022-10-19 09:04:29 --> Undefined variable $session
in APPPATH\Views\Pages\menuPrincipal.php on line 1.
 1 APPPATH\Views\Pages\menuPrincipal.php(1): CodeIgniter\Debug\Exceptions->errorHandler(2, 'Undefined variable $session', 'APPPATH\\Views\\Pages\\menuPrincipal.php', 1)
 2 SYSTEMPATH\View\View.php(213): include('APPPATH\\Views\\Pages\\menuPrincipal.php')
 3 SYSTEMPATH\View\View.php(216): CodeIgniter\View\View->CodeIgniter\View\{closure}()
 4 SYSTEMPATH\Common.php(1142): CodeIgniter\View\View->render('Pages/menuPrincipal', [], true)
 5 APPPATH\Controllers\MenuPrincipalController.php(11): view('Pages/menuPrincipal', [...])
 6 SYSTEMPATH\CodeIgniter.php(907): App\Controllers\MenuPrincipalController->menu()
 7 SYSTEMPATH\CodeIgniter.php(457): CodeIgniter\CodeIgniter->runController(Object(App\Controllers\MenuPrincipalController))
 8 SYSTEMPATH\CodeIgniter.php(340): CodeIgniter\CodeIgniter->handleRequest(null, Object(Config\Cache), false)
 9 FCPATH\index.php(67): CodeIgniter\CodeIgniter->run()
CRITICAL - 2022-10-19 09:11:06 --> Undefined variable $session
in APPPATH\Views\Pages\menuPrincipal.php on line 1.
 1 APPPATH\Views\Pages\menuPrincipal.php(1): CodeIgniter\Debug\Exceptions->errorHandler(2, 'Undefined variable $session', 'APPPATH\\Views\\Pages\\menuPrincipal.php', 1)
 2 SYSTEMPATH\View\View.php(213): include('APPPATH\\Views\\Pages\\menuPrincipal.php')
 3 SYSTEMPATH\View\View.php(216): CodeIgniter\View\View->CodeIgniter\View\{closure}()
 4 SYSTEMPATH\Common.php(1142): CodeIgniter\View\View->render('Pages/menuPrincipal', [], true)
 5 APPPATH\Controllers\MenuPrincipalController.php(11): view('Pages/menuPrincipal', [...])
 6 SYSTEMPATH\CodeIgniter.php(907): App\Controllers\MenuPrincipalController->menu()
 7 SYSTEMPATH\CodeIgniter.php(457): CodeIgniter\CodeIgniter->runController(Object(App\Controllers\MenuPrincipalController))
 8 SYSTEMPATH\CodeIgniter.php(340): CodeIgniter\CodeIgniter->handleRequest(null, Object(Config\Cache), false)
 9 FCPATH\index.php(67): CodeIgniter\CodeIgniter->run()
CRITICAL - 2022-10-19 11:42:48 --> hash(): Argument #1 ($algo) must be a valid hashing algorithm
in APPPATH\Views\Pages\login.php on line 15.
 1 APPPATH\Views\Pages\login.php(15): hash('C1m02P@ss', '2y')
 2 SYSTEMPATH\View\View.php(213): include('APPPATH\\Views\\Pages\\login.php')
 3 SYSTEMPATH\View\View.php(216): CodeIgniter\View\View->CodeIgniter\View\{closure}()
 4 SYSTEMPATH\Common.php(1142): CodeIgniter\View\View->render('pages/login', [], true)
 5 APPPATH\Controllers\Login.php(12): view('pages/login', [...])
 6 SYSTEMPATH\CodeIgniter.php(907): App\Controllers\Login->signer()
 7 SYSTEMPATH\CodeIgniter.php(457): CodeIgniter\CodeIgniter->runController(Object(App\Controllers\Login))
 8 SYSTEMPATH\CodeIgniter.php(340): CodeIgniter\CodeIgniter->handleRequest(null, Object(Config\Cache), false)
 9 FCPATH\index.php(67): CodeIgniter\CodeIgniter->run()
CRITICAL - 2022-10-19 11:42:56 --> Call to undefined function pass_hash()
in APPPATH\Views\Pages\login.php on line 15.
 1 SYSTEMPATH\View\View.php(213): include()
 2 SYSTEMPATH\View\View.php(216): CodeIgniter\View\View->CodeIgniter\View\{closure}()
 3 SYSTEMPATH\Common.php(1142): CodeIgniter\View\View->render('pages/login', [], true)
 4 APPPATH\Controllers\Login.php(12): view('pages/login', [...])
 5 SYSTEMPATH\CodeIgniter.php(907): App\Controllers\Login->signer()
 6 SYSTEMPATH\CodeIgniter.php(457): CodeIgniter\CodeIgniter->runController(Object(App\Controllers\Login))
 7 SYSTEMPATH\CodeIgniter.php(340): CodeIgniter\CodeIgniter->handleRequest(null, Object(Config\Cache), false)
 8 FCPATH\index.php(67): CodeIgniter\CodeIgniter->run()
CRITICAL - 2022-10-19 11:42:57 --> Call to undefined function pass_hash()
in APPPATH\Views\Pages\login.php on line 15.
 1 SYSTEMPATH\View\View.php(213): include()
 2 SYSTEMPATH\View\View.php(216): CodeIgniter\View\View->CodeIgniter\View\{closure}()
 3 SYSTEMPATH\Common.php(1142): CodeIgniter\View\View->render('pages/login', [], true)
 4 APPPATH\Controllers\Login.php(12): view('pages/login', [...])
 5 SYSTEMPATH\CodeIgniter.php(907): App\Controllers\Login->signer()
 6 SYSTEMPATH\CodeIgniter.php(457): CodeIgniter\CodeIgniter->runController(Object(App\Controllers\Login))
 7 SYSTEMPATH\CodeIgniter.php(340): CodeIgniter\CodeIgniter->handleRequest(null, Object(Config\Cache), false)
 8 FCPATH\index.php(67): CodeIgniter\CodeIgniter->run()
CRITICAL - 2022-10-19 11:45:44 --> Call to undefined function SHA()
in APPPATH\Views\Pages\login.php on line 15.
 1 SYSTEMPATH\View\View.php(213): include()
 2 SYSTEMPATH\View\View.php(216): CodeIgniter\View\View->CodeIgniter\View\{closure}()
 3 SYSTEMPATH\Common.php(1142): CodeIgniter\View\View->render('pages/login', [], true)
 4 APPPATH\Controllers\Login.php(12): view('pages/login', [...])
 5 SYSTEMPATH\CodeIgniter.php(907): App\Controllers\Login->signer()
 6 SYSTEMPATH\CodeIgniter.php(457): CodeIgniter\CodeIgniter->runController(Object(App\Controllers\Login))
 7 SYSTEMPATH\CodeIgniter.php(340): CodeIgniter\CodeIgniter->handleRequest(null, Object(Config\Cache), false)
 8 FCPATH\index.php(67): CodeIgniter\CodeIgniter->run()
CRITICAL - 2022-10-19 11:49:26 --> Call to undefined function CRYPT_BLOWFISH()
in APPPATH\Views\Pages\login.php on line 15.
 1 SYSTEMPATH\View\View.php(213): include()
 2 SYSTEMPATH\View\View.php(216): CodeIgniter\View\View->CodeIgniter\View\{closure}()
 3 SYSTEMPATH\Common.php(1142): CodeIgniter\View\View->render('pages/login', [], true)
 4 APPPATH\Controllers\Login.php(12): view('pages/login', [...])
 5 SYSTEMPATH\CodeIgniter.php(907): App\Controllers\Login->signer()
 6 SYSTEMPATH\CodeIgniter.php(457): CodeIgniter\CodeIgniter->runController(Object(App\Controllers\Login))
 7 SYSTEMPATH\CodeIgniter.php(340): CodeIgniter\CodeIgniter->handleRequest(null, Object(Config\Cache), false)
 8 FCPATH\index.php(67): CodeIgniter\CodeIgniter->run()
CRITICAL - 2022-10-19 11:49:35 --> Call to undefined function BLOWFISH()
in APPPATH\Views\Pages\login.php on line 15.
 1 SYSTEMPATH\View\View.php(213): include()
 2 SYSTEMPATH\View\View.php(216): CodeIgniter\View\View->CodeIgniter\View\{closure}()
 3 SYSTEMPATH\Common.php(1142): CodeIgniter\View\View->render('pages/login', [], true)
 4 APPPATH\Controllers\Login.php(12): view('pages/login', [...])
 5 SYSTEMPATH\CodeIgniter.php(907): App\Controllers\Login->signer()
 6 SYSTEMPATH\CodeIgniter.php(457): CodeIgniter\CodeIgniter->runController(Object(App\Controllers\Login))
 7 SYSTEMPATH\CodeIgniter.php(340): CodeIgniter\CodeIgniter->handleRequest(null, Object(Config\Cache), false)
 8 FCPATH\index.php(67): CodeIgniter\CodeIgniter->run()
